# JRE version: Java(TM) SE Runtime Environment (8.0_191-b12) (build 1.8.0_191-b12)
# Java VM: Java HotSpot(TM) 64-Bit Server VM (25.191-b12 mixed mode bsd-amd64 compressed oops)
Heap:
 PSYoungGen      total 1225728K, used 1076303K [0x000000076ab00000, 0x00000007c0000000, 0x00000007c0000000)
  eden space 1065984K, 100% used [0x000000076ab00000,0x00000007abc00000,0x00000007abc00000)
  from space 159744K, 6% used [0x00000007abc00000,0x00000007ac613f80,0x00000007b5800000)
  to   space 161792K, 55% used [0x00000007b6200000,0x00000007bba1bf98,0x00000007c0000000)
 ParOldGen       total 1402880K, used 393204K [0x00000006c0000000, 0x0000000715a00000, 0x000000076ab00000)
  object space 1402880K, 28% used [0x00000006c0000000,0x00000006d7ffd0b0,0x0000000715a00000)
 Metaspace       used 90569K, capacity 94336K, committed 99532K, reserved 1136640K
  class space    used 11436K, capacity 12405K, committed 13260K, reserved 1048576K
GC Heap History (10 events):
Event: 67.849 GC heap after
Heap after GC invocations=25 (full 4):
 PSYoungGen      total 1204224K, used 113511K [0x000000076ab00000, 0x00000007c0000000, 0x00000007c0000000)
  eden space 1090560K, 0% used [0x000000076ab00000,0x000000076ab00000,0x00000007ad400000)
  from space 113664K, 99% used [0x00000007ad400000,0x00000007b42d9e18,0x00000007b4300000)
  to   space 163840K, 0% used [0x00000007b6000000,0x00000007b6000000,0x00000007c0000000)
 ParOldGen       total 1402880K, used 241579K [0x00000006c0000000, 0x0000000715a00000, 0x000000076ab00000)
  object space 1402880K, 17% used [0x00000006c0000000,0x00000006cebead18,0x0000000715a00000)
 Metaspace       used 88805K, capacity 92316K, committed 99276K, reserved 1134592K
  class space    used 11278K, capacity 12228K, committed 13260K, reserved 1048576K
}
Event: 85.832 GC heap before
{Heap before GC invocations=26 (full 4):
 PSYoungGen      total 1204224K, used 1204071K [0x000000076ab00000, 0x00000007c0000000, 0x00000007c0000000)
  eden space 1090560K, 100% used [0x000000076ab00000,0x00000007ad400000,0x00000007ad400000)
  from space 113664K, 99% used [0x00000007ad400000,0x00000007b42d9e18,0x00000007b4300000)
  to   space 163840K, 0% used [0x00000007b6000000,0x00000007b6000000,0x00000007c0000000)
 ParOldGen       total 1402880K, used 241579K [0x00000006c0000000, 0x0000000715a00000, 0x000000076ab00000)
  object space 1402880K, 17% used [0x00000006c0000000,0x00000006cebead18,0x0000000715a00000)
 Metaspace       used 88884K, capacity 92444K, committed 99276K, reserved 1134592K
  class space    used 11279K, capacity 12228K, committed 13260K, reserved 1048576K
Event: 86.022 GC heap after
Heap after GC invocations=26 (full 4):
 PSYoungGen      total 1226752K, used 102311K [0x000000076ab00000, 0x00000007c0000000, 0x00000007c0000000)
  eden space 1062912K, 0% used [0x000000076ab00000,0x000000076ab00000,0x00000007ab900000)
  from space 163840K, 62% used [0x00000007b6000000,0x00000007bc3e9f78,0x00000007c0000000)
  to   space 167424K, 0% used [0x00000007ab900000,0x00000007ab900000,0x00000007b5c80000)
 ParOldGen       total 1402880K, used 344952K [0x00000006c0000000, 0x0000000715a00000, 0x000000076ab00000)
  object space 1402880K, 24% used [0x00000006c0000000,0x00000006d50de250,0x0000000715a00000)
 Metaspace       used 88884K, capacity 92444K, committed 99276K, reserved 1134592K
  class space    used 11279K, capacity 12228K, committed 13260K, reserved 1048576K
}
Event: 111.129 GC heap before
{Heap before GC invocations=27 (full 4):
 PSYoungGen      total 1226752K, used 1165223K [0x000000076ab00000, 0x00000007c0000000, 0x00000007c0000000)
  eden space 1062912K, 100% used [0x000000076ab00000,0x00000007ab900000,0x00000007ab900000)
  from space 163840K, 62% used [0x00000007b6000000,0x00000007bc3e9f78,0x00000007c0000000)
  to   space 167424K, 0% used [0x00000007ab900000,0x00000007ab900000,0x00000007b5c80000)
 ParOldGen       total 1402880K, used 344952K [0x00000006c0000000, 0x0000000715a00000, 0x000000076ab00000)
  object space 1402880K, 24% used [0x00000006c0000000,0x00000006d50de250,0x0000000715a00000)
 Metaspace       used 88902K, capacity 92450K, committed 99276K, reserved 1134592K
  class space    used 11279K, capacity 12229K, committed 13260K, reserved 1048576K
Event: 111.234 GC heap after
Heap after GC invocations=27 (full 4):
 PSYoungGen      total 1124864K, used 61632K [0x000000076ab00000, 0x00000007bf380000, 0x00000007c0000000)
  eden space 1062912K, 0% used [0x000000076ab00000,0x000000076ab00000,0x00000007ab900000)
  from space 61952K, 99% used [0x00000007ab900000,0x00000007af530050,0x00000007af580000)
  to   space 159232K, 0% used [0x00000007b5800000,0x00000007b5800000,0x00000007bf380000)
 ParOldGen       total 1402880K, used 387137K [0x00000006c0000000, 0x0000000715a00000, 0x000000076ab00000)
  object space 1402880K, 27% used [0x00000006c0000000,0x00000006d7a106a8,0x0000000715a00000)
 Metaspace       used 88902K, capacity 92450K, committed 99276K, reserved 1134592K
  class space    used 11279K, capacity 12229K, committed 13260K, reserved 1048576K
}
Event: 134.584 GC heap before
{Heap before GC invocations=28 (full 4):
 PSYoungGen      total 1124864K, used 1124544K [0x000000076ab00000, 0x00000007bf380000, 0x00000007c0000000)
  eden space 1062912K, 100% used [0x000000076ab00000,0x00000007ab900000,0x00000007ab900000)
  from space 61952K, 99% used [0x00000007ab900000,0x00000007af530050,0x00000007af580000)
  to   space 159232K, 0% used [0x00000007b5800000,0x00000007b5800000,0x00000007bf380000)
 ParOldGen       total 1402880K, used 387137K [0x00000006c0000000, 0x0000000715a00000, 0x000000076ab00000)
  object space 1402880K, 27% used [0x00000006c0000000,0x00000006d7a106a8,0x0000000715a00000)
 Metaspace       used 88908K, capacity 92450K, committed 99276K, reserved 1134592K
  class space    used 11279K, capacity 12229K, committed 13260K, reserved 1048576K
Event: 134.689 GC heap after
Heap after GC invocations=28 (full 4):
 PSYoungGen      total 1225216K, used 95936K [0x000000076ab00000, 0x00000007c0000000, 0x00000007c0000000)
  eden space 1065984K, 0% used [0x000000076ab00000,0x000000076ab00000,0x00000007abc00000)
  from space 159232K, 60% used [0x00000007b5800000,0x00000007bb5b0080,0x00000007bf380000)
  to   space 159744K, 0% used [0x00000007abc00000,0x00000007abc00000,0x00000007b5800000)
 ParOldGen       total 1402880K, used 387640K [0x00000006c0000000, 0x0000000715a00000, 0x000000076ab00000)
  object space 1402880K, 27% used [0x00000006c0000000,0x00000006d7a8e0b8,0x0000000715a00000)
 Metaspace       used 88908K, capacity 92450K, committed 99276K, reserved 1134592K
  class space    used 11279K, capacity 12229K, committed 13260K, reserved 1048576K
}
Event: 155.302 GC heap before
{Heap before GC invocations=29 (full 4):
 PSYoungGen      total 1225216K, used 1161920K [0x000000076ab00000, 0x00000007c0000000, 0x00000007c0000000)
  eden space 1065984K, 100% used [0x000000076ab00000,0x00000007abc00000,0x00000007abc00000)
  from space 159232K, 60% used [0x00000007b5800000,0x00000007bb5b0080,0x00000007bf380000)
  to   space 159744K, 0% used [0x00000007abc00000,0x00000007abc00000,0x00000007b5800000)
 ParOldGen       total 1402880K, used 387640K [0x00000006c0000000, 0x0000000715a00000, 0x000000076ab00000)
  object space 1402880K, 27% used [0x00000006c0000000,0x00000006d7a8e0b8,0x0000000715a00000)
 Metaspace       used 89392K, capacity 93102K, committed 99532K, reserved 1136640K
  class space    used 11292K, capacity 12255K, committed 13260K, reserved 1048576K
Event: 155.316 GC heap after
Heap after GC invocations=29 (full 4):
 PSYoungGen      total 1225728K, used 10319K [0x000000076ab00000, 0x00000007c0000000, 0x00000007c0000000)
  eden space 1065984K, 0% used [0x000000076ab00000,0x000000076ab00000,0x00000007abc00000)
  from space 159744K, 6% used [0x00000007abc00000,0x00000007ac613f80,0x00000007b5800000)
  to   space 161792K, 0% used [0x00000007b6200000,0x00000007b6200000,0x00000007c0000000)
 ParOldGen       total 1402880K, used 391927K [0x00000006c0000000, 0x0000000715a00000, 0x000000076ab00000)
  object space 1402880K, 27% used [0x00000006c0000000,0x00000006d7ebddd0,0x0000000715a00000)
 Metaspace       used 89392K, capacity 93102K, committed 99532K, reserved 1136640K
  class space    used 11292K, capacity 12255K, committed 13260K, reserved 1048576K
}
Event: 160.088 GC heap before
{Heap before GC invocations=30 (full 4):
 PSYoungGen      total 1225728K, used 1076303K [0x000000076ab00000, 0x00000007c0000000, 0x00000007c0000000)
  eden space 1065984K, 100% used [0x000000076ab00000,0x00000007abc00000,0x00000007abc00000)
  from space 159744K, 6% used [0x00000007abc00000,0x00000007ac613f80,0x00000007b5800000)
  to   space 161792K, 0% used [0x00000007b6200000,0x00000007b6200000,0x00000007c0000000)
 ParOldGen       total 1402880K, used 391927K [0x00000006c0000000, 0x0000000715a00000, 0x000000076ab00000)
  object space 1402880K, 27% used [0x00000006c0000000,0x00000006d7ebddd0,0x0000000715a00000)
 Metaspace       used 90569K, capacity 94336K, committed 99532K, reserved 1136640K
  class space    used 11436K, capacity 12405K, committed 13260K, reserved 1048576K

